<?xml version="1.0" encoding="utf-8"?><testsuites name="pytest tests"><testsuite name="pytest" errors="0" failures="0" skipped="0" tests="70" time="43.676" timestamp="2026-05-26T07:20:32.483752+00:00" hostname="agent-env-c1137d33-4218-49f3-961d-8b46663238d7"><testcase classname="backend.tests.test_iteration2_features.TestRazorpay" name="test_public_key" time="0.163" /><testcase classname="backend.tests.test_iteration2_features.TestRazorpay" name="test_order_requires_auth" time="0.410" /><testcase classname="backend.tests.test_iteration2_features.TestRazorpay" name="test_create_order" time="1.076" /><testcase classname="backend.tests.test_iteration2_features.TestRazorpay" name="test_order_other_user_booking_403" time="0.047" /><testcase classname="backend.tests.test_iteration2_features.TestRazorpay" name="test_verify_bad_signature" time="0.047" /><testcase classname="backend.tests.test_iteration2_features.TestRazorpay" name="test_verify_missing_fields" time="0.046" /><testcase classname="backend.tests.test_iteration2_features.TestRazorpay" name="test_verify_valid_signature" time="0.097" /><testcase classname="backend.tests.test_iteration2_features.TestRazorpay" name="test_verify_triggers_notification" time="0.047" /><testcase classname="backend.tests.test_iteration2_features.TestVIPDarshan" name="test_slots_all" time="0.054" /><testcase classname="backend.tests.test_iteration2_features.TestVIPDarshan" name="test_slots_by_temple" time="0.047" /><testcase classname="backend.tests.test_iteration2_features.TestVIPDarshan" name="test_slots_unknown_temple_empty" time="0.045" /><testcase classname="backend.tests.test_iteration2_features.TestVIPDarshan" name="test_book_requires_auth" time="0.045" /><testcase classname="backend.tests.test_iteration2_features.TestVIPDarshan" name="test_book_slot" time="0.145" /><testcase classname="backend.tests.test_iteration2_features.TestVIPDarshan" name="test_book_when_full_rejected" time="0.098" /><testcase classname="backend.tests.test_iteration2_features.TestVIPDarshan" name="test_book_invalid_slot" time="0.045" /><testcase classname="backend.tests.test_iteration2_features.TestVIPDarshan" name="test_my_vip_bookings" time="0.045" /><testcase classname="backend.tests.test_iteration2_features.TestVIPDarshan" name="test_my_vip_bookings_unauth" time="0.044" /><testcase classname="backend.tests.test_iteration2_features.TestNotifications" name="test_notifications_me_unauth" time="0.044" /><testcase classname="backend.tests.test_iteration2_features.TestNotifications" name="test_notifications_me" time="0.046" /><testcase classname="backend.tests.test_iteration2_features.TestNotifications" name="test_mark_read" time="0.095" /><testcase classname="backend.tests.test_iteration2_features.TestRouteOptimize" name="test_optimize" time="0.098" /><testcase classname="backend.tests.test_iteration2_features.TestRouteOptimize" name="test_optimize_empty" time="0.045" /><testcase classname="backend.tests.test_iteration2_features.TestWebSocket" name="test_ws_bad_token" time="0.175" /><testcase classname="backend.tests.test_iteration2_features.TestWebSocket" name="test_ws_connect_ping_pong" time="0.235" /><testcase classname="backend.tests.test_punyaverse_backend.TestHealth" name="test_root" time="0.135" /><testcase classname="backend.tests.test_punyaverse_backend.TestTemples" name="test_list_temples_count" time="0.052" /><testcase classname="backend.tests.test_punyaverse_backend.TestTemples" name="test_temple_filter_region" time="0.047" /><testcase classname="backend.tests.test_punyaverse_backend.TestTemples" name="test_temple_filter_trekking" time="0.046" /><testcase classname="backend.tests.test_punyaverse_backend.TestTemples" name="test_temple_search_q" time="0.047" /><testcase classname="backend.tests.test_punyaverse_backend.TestTemples" name="test_temple_get_slug" time="0.097" /><testcase classname="backend.tests.test_punyaverse_backend.TestTemples" name="test_temple_404" time="0.050" /><testcase classname="backend.tests.test_punyaverse_backend.TestPackages" name="test_list_packages_count" time="0.047" /><testcase classname="backend.tests.test_punyaverse_backend.TestPackages" name="test_package_quote" time="0.092" /><testcase classname="backend.tests.test_punyaverse_backend.TestTransport" name="test_compare" time="0.048" /><testcase classname="backend.tests.test_punyaverse_backend.TestTransport" name="test_compare_missing" time="0.044" /><testcase classname="backend.tests.test_punyaverse_backend.TestTripBuilder" name="test_quote" time="0.096" /><testcase classname="backend.tests.test_punyaverse_backend.TestFestivalsWeather" name="test_festivals" time="0.045" /><testcase classname="backend.tests.test_punyaverse_backend.TestFestivalsWeather" name="test_weather" time="0.047" /><testcase classname="backend.tests.test_punyaverse_backend.TestFestivalsWeather" name="test_crowd" time="0.045" /><testcase classname="backend.tests.test_punyaverse_backend.TestAuth" name="test_login_user" time="0.273" /><testcase classname="backend.tests.test_punyaverse_backend.TestAuth" name="test_login_invalid" time="0.272" /><testcase classname="backend.tests.test_punyaverse_backend.TestAuth" name="test_register_and_me" time="0.318" /><testcase classname="backend.tests.test_punyaverse_backend.TestAuth" name="test_register_duplicate" time="0.044" /><testcase classname="backend.tests.test_punyaverse_backend.TestAuth" name="test_me_unauth" time="0.046" /><testcase classname="backend.tests.test_punyaverse_backend.TestBookingsPayment" name="test_create_booking" time="0.361" /><testcase classname="backend.tests.test_punyaverse_backend.TestBookingsPayment" name="test_my_bookings" time="0.047" /><testcase classname="backend.tests.test_punyaverse_backend.TestBookingsPayment" name="test_bookings_unauth" time="0.046" /><testcase classname="backend.tests.test_punyaverse_backend.TestBookingsPayment" name="test_checkout" time="0.506" /><testcase classname="backend.tests.test_punyaverse_backend.TestBookingsPayment" name="test_payment_status" time="0.255" /><testcase classname="backend.tests.test_punyaverse_backend.TestAIPlan" name="test_plan" time="34.523" /><testcase classname="backend.tests.test_punyaverse_backend.TestAIPlan" name="test_my_itineraries" time="0.106" /><testcase classname="backend.tests.test_punyaverse_backend.TestReviewsWishlist" name="test_create_review" time="0.098" /><testcase classname="backend.tests.test_punyaverse_backend.TestReviewsWishlist" name="test_list_reviews" time="0.054" /><testcase classname="backend.tests.test_punyaverse_backend.TestReviewsWishlist" name="test_wishlist_flow" time="0.143" /><testcase classname="backend.tests.test_punyaverse_backend.TestRoles" name="test_employee_bookings" time="0.319" /><testcase classname="backend.tests.test_punyaverse_backend.TestRoles" name="test_user_cannot_access_employee" time="0.047" /><testcase classname="backend.tests.test_punyaverse_backend.TestRoles" name="test_employee_cannot_access_admin" time="0.048" /><testcase classname="backend.tests.test_punyaverse_backend.TestRoles" name="test_admin_users_excludes_superadmin" time="0.320" /><testcase classname="backend.tests.test_punyaverse_backend.TestRoles" name="test_admin_bookings" time="0.063" /><testcase classname="backend.tests.test_punyaverse_backend.TestRoles" name="test_admin_analytics" time="0.048" /><testcase classname="backend.tests.test_punyaverse_backend.TestRoles" name="test_admin_create_employee_and_assign" time="0.367" /><testcase classname="backend.tests.test_punyaverse_backend.TestRoles" name="test_superadmin_users_includes_all" time="0.319" /><testcase classname="backend.tests.test_punyaverse_backend.TestRoles" name="test_admin_cannot_access_superadmin" time="0.047" /><testcase classname="backend.tests.test_punyaverse_backend.TestRoles" name="test_superadmin_system" time="0.050" /><testcase classname="backend.tests.test_punyaverse_backend.TestRoles" name="test_superadmin_audit_logs" time="0.057" /><testcase classname="backend.tests.test_punyaverse_backend.TestRoles" name="test_superadmin_payments" time="0.049" /><testcase classname="backend.tests.test_punyaverse_backend.TestRoles" name="test_superadmin_set_role" time="0.445" /><testcase classname="backend.tests.test_punyaverse_backend.TestSanctum" name="test_no_header_returns_404" time="0.045" /><testcase classname="backend.tests.test_punyaverse_backend.TestSanctum" name="test_wrong_header_404" time="0.047" /><testcase classname="backend.tests.test_punyaverse_backend.TestSanctum" name="test_correct_header_ok" time="0.045" /></testsuite></testsuites>