<?xml version="1.0" encoding="utf-8"?><testsuites name="pytest tests"><testsuite name="pytest" errors="0" failures="0" skipped="0" tests="46" time="39.408" timestamp="2026-05-26T06:52:55.240387+00:00" hostname="agent-env-c1137d33-4218-49f3-961d-8b46663238d7"><testcase classname="backend.tests.test_punyaverse_backend.TestHealth" name="test_root" time="0.169" /><testcase classname="backend.tests.test_punyaverse_backend.TestTemples" name="test_list_temples_count" time="0.056" /><testcase classname="backend.tests.test_punyaverse_backend.TestTemples" name="test_temple_filter_region" time="0.050" /><testcase classname="backend.tests.test_punyaverse_backend.TestTemples" name="test_temple_filter_trekking" time="0.050" /><testcase classname="backend.tests.test_punyaverse_backend.TestTemples" name="test_temple_search_q" time="0.048" /><testcase classname="backend.tests.test_punyaverse_backend.TestTemples" name="test_temple_get_slug" time="0.106" /><testcase classname="backend.tests.test_punyaverse_backend.TestTemples" name="test_temple_404" time="0.050" /><testcase classname="backend.tests.test_punyaverse_backend.TestPackages" name="test_list_packages_count" time="0.052" /><testcase classname="backend.tests.test_punyaverse_backend.TestPackages" name="test_package_quote" time="0.105" /><testcase classname="backend.tests.test_punyaverse_backend.TestTransport" name="test_compare" time="0.053" /><testcase classname="backend.tests.test_punyaverse_backend.TestTransport" name="test_compare_missing" time="0.048" /><testcase classname="backend.tests.test_punyaverse_backend.TestTripBuilder" name="test_quote" time="0.104" /><testcase classname="backend.tests.test_punyaverse_backend.TestFestivalsWeather" name="test_festivals" time="0.048" /><testcase classname="backend.tests.test_punyaverse_backend.TestFestivalsWeather" name="test_weather" time="0.053" /><testcase classname="backend.tests.test_punyaverse_backend.TestFestivalsWeather" name="test_crowd" time="0.061" /><testcase classname="backend.tests.test_punyaverse_backend.TestAuth" name="test_login_user" time="0.272" /><testcase classname="backend.tests.test_punyaverse_backend.TestAuth" name="test_login_invalid" time="0.269" /><testcase classname="backend.tests.test_punyaverse_backend.TestAuth" name="test_register_and_me" time="0.323" /><testcase classname="backend.tests.test_punyaverse_backend.TestAuth" name="test_register_duplicate" time="0.051" /><testcase classname="backend.tests.test_punyaverse_backend.TestAuth" name="test_me_unauth" time="0.048" /><testcase classname="backend.tests.test_punyaverse_backend.TestBookingsPayment" name="test_create_booking" time="0.373" /><testcase classname="backend.tests.test_punyaverse_backend.TestBookingsPayment" name="test_my_bookings" time="0.053" /><testcase classname="backend.tests.test_punyaverse_backend.TestBookingsPayment" name="test_bookings_unauth" time="0.048" /><testcase classname="backend.tests.test_punyaverse_backend.TestBookingsPayment" name="test_checkout" time="0.554" /><testcase classname="backend.tests.test_punyaverse_backend.TestBookingsPayment" name="test_payment_status" time="0.274" /><testcase classname="backend.tests.test_punyaverse_backend.TestAIPlan" name="test_plan" time="33.224" /><testcase classname="backend.tests.test_punyaverse_backend.TestAIPlan" name="test_my_itineraries" time="0.060" /><testcase classname="backend.tests.test_punyaverse_backend.TestReviewsWishlist" name="test_create_review" time="0.101" /><testcase classname="backend.tests.test_punyaverse_backend.TestReviewsWishlist" name="test_list_reviews" time="0.049" /><testcase classname="backend.tests.test_punyaverse_backend.TestReviewsWishlist" name="test_wishlist_flow" time="0.151" /><testcase classname="backend.tests.test_punyaverse_backend.TestRoles" name="test_employee_bookings" time="0.329" /><testcase classname="backend.tests.test_punyaverse_backend.TestRoles" name="test_user_cannot_access_employee" time="0.048" /><testcase classname="backend.tests.test_punyaverse_backend.TestRoles" name="test_employee_cannot_access_admin" time="0.052" /><testcase classname="backend.tests.test_punyaverse_backend.TestRoles" name="test_admin_users_excludes_superadmin" time="0.323" /><testcase classname="backend.tests.test_punyaverse_backend.TestRoles" name="test_admin_bookings" time="0.054" /><testcase classname="backend.tests.test_punyaverse_backend.TestRoles" name="test_admin_analytics" time="0.051" /><testcase classname="backend.tests.test_punyaverse_backend.TestRoles" name="test_admin_create_employee_and_assign" time="0.384" /><testcase classname="backend.tests.test_punyaverse_backend.TestRoles" name="test_superadmin_users_includes_all" time="0.331" /><testcase classname="backend.tests.test_punyaverse_backend.TestRoles" name="test_admin_cannot_access_superadmin" time="0.048" /><testcase classname="backend.tests.test_punyaverse_backend.TestRoles" name="test_superadmin_system" time="0.059" /><testcase classname="backend.tests.test_punyaverse_backend.TestRoles" name="test_superadmin_audit_logs" time="0.051" /><testcase classname="backend.tests.test_punyaverse_backend.TestRoles" name="test_superadmin_payments" time="0.061" /><testcase classname="backend.tests.test_punyaverse_backend.TestRoles" name="test_superadmin_set_role" time="0.436" /><testcase classname="backend.tests.test_punyaverse_backend.TestSanctum" name="test_no_header_returns_404" time="0.051" /><testcase classname="backend.tests.test_punyaverse_backend.TestSanctum" name="test_wrong_header_404" time="0.050" /><testcase classname="backend.tests.test_punyaverse_backend.TestSanctum" name="test_correct_header_ok" time="0.053" /></testsuite></testsuites>